Loaded parameters to layer 'conv1' (shape 50x4x3x3).
Loaded parameters to layer 'conv1' (shape 50).
Loaded parameters to layer 'conv2' (shape 50x50x3x3).
Loaded parameters to layer 'conv2' (shape 50).
Loaded parameters to layer 'nin1' (shape 30x50x1x1).
Loaded parameters to layer 'nin1' (shape 30).
Loaded parameters to layer 'conv3' (shape 50x30x3x3).
Loaded parameters to layer 'conv3' (shape 50).
Loaded parameters to layer 'conv4' (shape 50x50x3x3).
Loaded parameters to layer 'conv4' (shape 50).
Loaded parameters to layer 'nin2' (shape 30x50x1x1).
Loaded parameters to layer 'nin2' (shape 30).
Loaded parameters to layer 'conv5' (shape 50x30x3x3).
Loaded parameters to layer 'conv5' (shape 50).
Loaded parameters to layer 'output' (shape 450x1024).
Loaded parameters to layer 'output' (shape 1024).
going through lines took (row-col complete):  7.44276595116 sec.
going through lines took (row-col complete):  8.76101303101 sec.
going through lines took (row-col complete):  8.97617411613 sec.
going through lines took (row-col complete):  9.36589598656 sec.
going through lines took (row-col complete):  8.49606204033 sec.
going through lines took (row-col complete):  8.22228193283 sec.
going through lines took (row-col complete):  7.70869994164 sec.
going through lines took (row-col complete):  5.94120287895 sec.
going through lines took (row-col complete):  7.0172419548 sec.
going through lines took (row-col complete):  6.41488218307 sec.
going through lines took (row-col complete):  7.86065101624 sec.
going through lines took (row-col complete):  6.6824259758 sec.
going through lines took (row-col complete):  6.19698309898 sec.
going through lines took (row-col complete):  5.6493999958 sec.
going through lines took (row-col complete):  8.84214901924 sec.
going through lines took (row-col complete):  8.04099488258 sec.
going through lines took (row-col complete):  8.78562903404 sec.
going through lines took (row-col complete):  6.6020898819 sec.
going through lines took (row-col complete):  6.3851749897 sec.
going through lines took (row-col complete):  5.02260994911 sec.
going through lines took (row-col complete):  9.39662098885 sec.
going through lines took (row-col complete):  9.5091650486 sec.
going through lines took (row-col complete):  5.29271221161 sec.
going through lines took (row-col complete):  8.76965594292 sec.
going through lines took (row-col complete):  8.08600282669 sec.
going through lines took (row-col complete):  5.43851184845 sec.
going through lines took (row-col complete):  4.87551307678 sec.
going through lines took (row-col complete):  7.71340990067 sec.
going through lines took (row-col complete):  8.16135191917 sec.
going through lines took (row-col complete):  6.84840488434 sec.
going through lines took (row-col complete):  8.04972314835 sec.
going through lines took (row-col complete):  7.92790794373 sec.
going through lines took (row-col complete):  6.3726170063 sec.
going through lines took (row-col complete):  7.08602499962 sec.
going through lines took (row-col complete):  6.23827791214 sec.
going through lines took (row-col complete):  6.62558293343 sec.
going through lines took (row-col complete):  8.02356600761 sec.
going through lines took (row-col complete):  6.96576905251 sec.
going through lines took (row-col complete):  6.59501695633 sec.
going through lines took (row-col complete):  9.39860701561 sec.
going through lines took (row-col complete):  8.42045092583 sec.
going through lines took (row-col complete):  8.89084815979 sec.
going through lines took (row-col complete):  6.71413207054 sec.
going through lines took (row-col complete):  9.39898395538 sec.
going through lines took (row-col complete):  9.31699895859 sec.
going through lines took (row-col complete):  7.08941912651 sec.
going through lines took (row-col complete):  6.19640088081 sec.
going through lines took (row-col complete):  5.74121189117 sec.
going through lines took (row-col complete):  9.780782938 sec.
going through lines took (row-col complete):  5.79589104652 sec.
going through lines took (row-col complete):  7.23271608353 sec.
going through lines took (row-col complete):  7.50608110428 sec.
going through lines took (row-col complete):  6.09263110161 sec.
going through lines took (row-col complete):  7.91387104988 sec.
going through lines took (row-col complete):  8.80825805664 sec.
going through lines took (row-col complete):  9.46981310844 sec.
going through lines took (row-col complete):  9.61572194099 sec.
going through lines took (row-col complete):  9.61252593994 sec.
going through lines took (row-col complete):  7.9159219265 sec.
going through lines took (row-col complete):  9.52493596077 sec.
going through lines took (row-col complete):  9.38209891319 sec.
going through lines took (row-col complete):  4.75027990341 sec.
going through lines took (row-col complete):  6.84144806862 sec.
going through lines took (row-col complete):  7.94251894951 sec.
going through lines took (row-col complete):  7.09215307236 sec.
going through lines took (row-col complete):  8.6370139122 sec.
going through lines took (row-col complete):  9.01195716858 sec.
going through lines took (row-col complete):  9.4893591404 sec.
going through lines took (row-col complete):  7.39119815826 sec.
going through lines took (row-col complete):  5.33661699295 sec.
going through lines took (row-col complete):  9.63471913338 sec.
going through lines took (row-col complete):  6.95243406296 sec.
going through lines took (row-col complete):  5.40984106064 sec.
going through lines took (row-col complete):  6.91568207741 sec.
going through lines took (row-col complete):  6.43048191071 sec.
going through lines took (row-col complete):  6.6290500164 sec.
going through lines took (row-col complete):  5.87796401978 sec.
going through lines took (row-col complete):  7.7947909832 sec.
going through lines took (row-col complete):  8.33055305481 sec.
going through lines took (row-col complete):  4.81992697716 sec.
going through lines took (row-col complete):  5.70115089417 sec.
going through lines took (row-col complete):  5.87226295471 sec.
going through lines took (row-col complete):  8.64981603622 sec.
going through lines took (row-col complete):  7.63431811333 sec.
going through lines took (row-col complete):  6.46179389954 sec.
going through lines took (row-col complete):  5.69745516777 sec.
going through lines took (row-col complete):  6.5111451149 sec.
going through lines took (row-col complete):  5.63187193871 sec.
going through lines took (row-col complete):  6.56270098686 sec.
going through lines took (row-col complete):  7.71127295494 sec.
going through lines took (row-col complete):  8.64632701874 sec.
going through lines took (row-col complete):  4.14621496201 sec.
going through lines took (row-col complete):  9.40830016136 sec.
going through lines took (row-col complete):  8.10610198975 sec.
going through lines took (row-col complete):  7.17643213272 sec.
going through lines took (row-col complete):  8.60662293434 sec.
going through lines took (row-col complete):  5.45140099525 sec.
going through lines took (row-col complete):  8.58037090302 sec.
going through lines took (row-col complete):  8.04952311516 sec.
going through lines took (row-col complete):  8.93067097664 sec.
going through lines took (row-col complete):  8.55098891258 sec.
going through lines took (row-col complete):  5.08950614929 sec.
going through lines took (row-col complete):  4.86878204346 sec.
going through lines took (row-col complete):  6.8377840519 sec.
going through lines took (row-col complete):  8.09216380119 sec.
going through lines took (row-col complete):  4.86323308945 sec.
going through lines took (row-col complete):  5.54761815071 sec.
going through lines took (row-col complete):  8.9654109478 sec.
going through lines took (row-col complete):  6.51925206184 sec.
going through lines took (row-col complete):  8.78848385811 sec.
going through lines took (row-col complete):  6.26585888863 sec.
going through lines took (row-col complete):  9.0857591629 sec.
going through lines took (row-col complete):  5.5980899334 sec.
going through lines took (row-col complete):  8.51200222969 sec.
going through lines took (row-col complete):  5.13710999489 sec.
going through lines took (row-col complete):  8.56682395935 sec.
going through lines took (row-col complete):  6.34212899208 sec.
going through lines took (row-col complete):  6.29054403305 sec.
going through lines took (row-col complete):  6.25629997253 sec.
going through lines took (row-col complete):  6.54952692986 sec.
going through lines took (row-col complete):  9.05907416344 sec.
going through lines took (row-col complete):  9.02039384842 sec.
going through lines took (row-col complete):  6.52581000328 sec.
going through lines took (row-col complete):  8.71641302109 sec.
going through lines took (row-col complete):  5.13015198708 sec.
going through lines took (row-col complete):  8.1878080368 sec.
going through lines took (row-col complete):  8.23506188393 sec.
going through lines took (row-col complete):  6.47232913971 sec.
going through lines took (row-col complete):  7.89997792244 sec.
going through lines took (row-col complete):  6.99504899979 sec.
going through lines took (row-col complete):  5.41241002083 sec.
going through lines took (row-col complete):  8.41880702972 sec.
going through lines took (row-col complete):  7.60883402824 sec.
going through lines took (row-col complete):  8.41791701317 sec.
going through lines took (row-col complete):  4.90278816223 sec.
going through lines took (row-col complete):  7.59904098511 sec.
going through lines took (row-col complete):  7.27706503868 sec.
going through lines took (row-col complete):  8.97926092148 sec.
going through lines took (row-col complete):  6.86102581024 sec.
going through lines took (row-col complete):  5.82088494301 sec.
going through lines took (row-col complete):  5.8693420887 sec.
going through lines took (row-col complete):  8.70245409012 sec.
going through lines took (row-col complete):  5.83254218102 sec.
going through lines took (row-col complete):  7.15428090096 sec.
going through lines took (row-col complete):  5.35645198822 sec.
going through lines took (row-col complete):  5.53318190575 sec.
going through lines took (row-col complete):  7.82294297218 sec.
going through lines took (row-col complete):  7.90509104729 sec.
going through lines took (row-col complete):  7.70094299316 sec.
going through lines took (row-col complete):  6.48434400558 sec.
going through lines took (row-col complete):  7.34863901138 sec.
going through lines took (row-col complete):  6.40562605858 sec.
going through lines took (row-col complete):  7.55034399033 sec.
going through lines took (row-col complete):  8.78429698944 sec.
going through lines took (row-col complete):  5.72963190079 sec.
going through lines took (row-col complete):  6.81401085854 sec.
going through lines took (row-col complete):  8.98492002487 sec.
going through lines took (row-col complete):  8.86165308952 sec.
going through lines took (row-col complete):  9.09096288681 sec.
going through lines took (row-col complete):  8.60950779915 sec.
going through lines took (row-col complete):  8.89886498451 sec.
going through lines took (row-col complete):  9.44960021973 sec.
going through lines took (row-col complete):  8.50072097778 sec.
going through lines took (row-col complete):  6.30929088593 sec.
going through lines took (row-col complete):  4.36856794357 sec.
going through lines took (row-col complete):  6.8382267952 sec.
going through lines took (row-col complete):  7.31452989578 sec.
going through lines took (row-col complete):  7.14274811745 sec.
going through lines took (row-col complete):  6.13417220116 sec.
going through lines took (row-col complete):  9.67840385437 sec.
going through lines took (row-col complete):  6.24258804321 sec.
going through lines took (row-col complete):  8.77610397339 sec.
going through lines took (row-col complete):  8.28142786026 sec.
going through lines took (row-col complete):  7.14403390884 sec.
going through lines took (row-col complete):  6.08293294907 sec.
going through lines took (row-col complete):  9.13413596153 sec.
going through lines took (row-col complete):  8.25864291191 sec.
going through lines took (row-col complete):  7.84088206291 sec.
going through lines took (row-col complete):  6.19475293159 sec.
going through lines took (row-col complete):  6.51300978661 sec.
going through lines took (row-col complete):  8.81975221634 sec.
going through lines took (row-col complete):  5.77206707001 sec.
going through lines took (row-col complete):  8.76520895958 sec.
going through lines took (row-col complete):  9.69196915627 sec.
going through lines took (row-col complete):  8.68856191635 sec.
going through lines took (row-col complete):  5.79134297371 sec.
going through lines took (row-col complete):  5.87028384209 sec.
going through lines took (row-col complete):  8.86572194099 sec.
going through lines took (row-col complete):  5.40275597572 sec.
going through lines took (row-col complete):  8.69758486748 sec.
going through lines took (row-col complete):  8.44225311279 sec.
going through lines took (row-col complete):  7.07764601707 sec.
going through lines took (row-col complete):  5.74951601028 sec.
going through lines took (row-col complete):  8.17574000359 sec.
going through lines took (row-col complete):  9.06377696991 sec.
going through lines took (row-col complete):  7.68114995956 sec.
going through lines took (row-col complete):  7.91226506233 sec.
going through lines took (row-col complete):  5.84035611153 sec.
going through lines took (row-col complete):  6.4734120369 sec.
going through lines took (row-col complete):  8.3517241478 sec.
going through lines took (row-col complete):  5.4329199791 sec.
going through lines took (row-col complete):  8.84841108322 sec.
going through lines took (row-col complete):  9.04650902748 sec.
going through lines took (row-col complete):  5.8418431282 sec.
going through lines took (row-col complete):  5.17546701431 sec.
going through lines took (row-col complete):  8.51901006699 sec.
going through lines took (row-col complete):  6.42511892319 sec.
going through lines took (row-col complete):  8.03488206863 sec.
going through lines took (row-col complete):  9.14427995682 sec.
going through lines took (row-col complete):  6.30152606964 sec.
going through lines took (row-col complete):  9.34128594398 sec.
going through lines took (row-col complete):  6.58868598938 sec.
going through lines took (row-col complete):  10.110932827 sec.
going through lines took (row-col complete):  6.81207299232 sec.
going through lines took (row-col complete):  7.41107702255 sec.
going through lines took (row-col complete):  9.30951595306 sec.
going through lines took (row-col complete):  8.17280602455 sec.
going through lines took (row-col complete):  6.75648713112 sec.
going through lines took (row-col complete):  9.47856116295 sec.
going through lines took (row-col complete):  7.38441491127 sec.
going through lines took (row-col complete):  6.04515314102 sec.
going through lines took (row-col complete):  7.21301698685 sec.
going through lines took (row-col complete):  5.8174829483 sec.
going through lines took (row-col complete):  5.68437194824 sec.
going through lines took (row-col complete):  7.93169999123 sec.
going through lines took (row-col complete):  4.66349005699 sec.
going through lines took (row-col complete):  8.94345617294 sec.
going through lines took (row-col complete):  6.79487800598 sec.
going through lines took (row-col complete):  8.55921912193 sec.
going through lines took (row-col complete):  5.35161495209 sec.
going through lines took (row-col complete):  5.28812503815 sec.
going through lines took (row-col complete):  9.04481005669 sec.
going through lines took (row-col complete):  6.25106191635 sec.
going through lines took (row-col complete):  9.21701478958 sec.
going through lines took (row-col complete):  4.61380696297 sec.
going through lines took (row-col complete):  9.62500691414 sec.
going through lines took (row-col complete):  5.5775680542 sec.
going through lines took (row-col complete):  6.71554613113 sec.
going through lines took (row-col complete):  8.00937795639 sec.
going through lines took (row-col complete):  6.62486410141 sec.
going through lines took (row-col complete):  6.74386191368 sec.
going through lines took (row-col complete):  6.80445885658 sec.
going through lines took (row-col complete):  7.47712779045 sec.
going through lines took (row-col complete):  6.62645602226 sec.
going through lines took (row-col complete):  4.65526509285 sec.
going through lines took (row-col complete):  8.49118113518 sec.
going through lines took (row-col complete):  7.54065799713 sec.
going through lines took (row-col complete):  8.80176997185 sec.
going through lines took (row-col complete):  5.8707151413 sec.
going through lines took (row-col complete):  9.03018689156 sec.
going through lines took (row-col complete):  5.17606687546 sec.
going through lines took (row-col complete):  7.69637584686 sec.
going through lines took (row-col complete):  5.78459906578 sec.
going through lines took (row-col complete):  6.29883480072 sec.
going through lines took (row-col complete):  7.97761416435 sec.
going through lines took (row-col complete):  9.26433396339 sec.
going through lines took (row-col complete):  4.73790097237 sec.
going through lines took (row-col complete):  8.71577000618 sec.
going through lines took (row-col complete):  7.93713498116 sec.
going through lines took (row-col complete):  7.45117402077 sec.
going through lines took (row-col complete):  8.11855697632 sec.
going through lines took (row-col complete):  8.13491606712 sec.
going through lines took (row-col complete):  7.05062603951 sec.
going through lines took (row-col complete):  6.56944608688 sec.
going through lines took (row-col complete):  9.06277704239 sec.
going through lines took (row-col complete):  5.45931005478 sec.
going through lines took (row-col complete):  8.67001104355 sec.
going through lines took (row-col complete):  8.15971207619 sec.
going through lines took (row-col complete):  6.72328996658 sec.
going through lines took (row-col complete):  9.02235603333 sec.
going through lines took (row-col complete):  7.80069804192 sec.
going through lines took (row-col complete):  9.33827590942 sec.
going through lines took (row-col complete):  7.28275799751 sec.
going through lines took (row-col complete):  7.82090091705 sec.
going through lines took (row-col complete):  4.97523713112 sec.
going through lines took (row-col complete):  7.50374293327 sec.
going through lines took (row-col complete):  6.62622094154 sec.
going through lines took (row-col complete):  9.17422103882 sec.
going through lines took (row-col complete):  8.66154813766 sec.
going through lines took (row-col complete):  6.48323702812 sec.
going through lines took (row-col complete):  6.20447397232 sec.
going through lines took (row-col complete):  8.66531991959 sec.
going through lines took (row-col complete):  8.84153199196 sec.
going through lines took (row-col complete):  6.69416713715 sec.
going through lines took (row-col complete):  5.43022108078 sec.
going through lines took (row-col complete):  5.98921298981 sec.
going through lines took (row-col complete):  5.47522711754 sec.
going through lines took (row-col complete):  8.49903702736 sec.
going through lines took (row-col complete):  6.02704906464 sec.
going through lines took (row-col complete):  6.40526795387 sec.
going through lines took (row-col complete):  5.39340305328 sec.
going through lines took (row-col complete):  6.97247004509 sec.
going through lines took (row-col complete):  6.39713120461 sec.
going through lines took (row-col complete):  6.57265615463 sec.
going through lines took (row-col complete):  7.04939293861 sec.
going through lines took (row-col complete):  4.99421310425 sec.
going through lines took (row-col complete):  10.802934885 sec.
going through lines took (row-col complete):  7.30637693405 sec.
going through lines took (row-col complete):  6.49194216728 sec.
going through lines took (row-col complete):  8.11224293709 sec.
going through lines took (row-col complete):  5.14285612106 sec.
going through lines took (row-col complete):  7.60034108162 sec.
going through lines took (row-col complete):  8.20811510086 sec.
going through lines took (row-col complete):  6.43401813507 sec.
going through lines took (row-col complete):  7.21453905106 sec.
going through lines took (row-col complete):  6.59087014198 sec.
going through lines took (row-col complete):  5.37636208534 sec.
going through lines took (row-col complete):  8.5726120472 sec.
going through lines took (row-col complete):  6.90703606606 sec.
going through lines took (row-col complete):  7.72653508186 sec.
going through lines took (row-col complete):  8.23798704147 sec.
going through lines took (row-col complete):  8.67202091217 sec.
going through lines took (row-col complete):  6.4368698597 sec.
going through lines took (row-col complete):  6.13550400734 sec.
going through lines took (row-col complete):  6.11231780052 sec.
going through lines took (row-col complete):  5.78483080864 sec.
going through lines took (row-col complete):  6.332695961 sec.
going through lines took (row-col complete):  7.78713512421 sec.
going through lines took (row-col complete):  8.56465983391 sec.
going through lines took (row-col complete):  7.56064796448 sec.
going through lines took (row-col complete):  8.46301102638 sec.
going through lines took (row-col complete):  7.01973795891 sec.
going through lines took (row-col complete):  8.6125497818 sec.
going through lines took (row-col complete):  8.62837386131 sec.
going through lines took (row-col complete):  6.00645089149 sec.
going through lines took (row-col complete):  9.00361514091 sec.
going through lines took (row-col complete):  6.01355099678 sec.
going through lines took (row-col complete):  8.13310885429 sec.
going through lines took (row-col complete):  6.87786793709 sec.
going through lines took (row-col complete):  5.93622303009 sec.
going through lines took (row-col complete):  8.80195116997 sec.
going through lines took (row-col complete):  7.13785886765 sec.
going through lines took (row-col complete):  8.84275794029 sec.
going through lines took (row-col complete):  6.40312719345 sec.
going through lines took (row-col complete):  7.11642408371 sec.
going through lines took (row-col complete):  6.23752498627 sec.
going through lines took (row-col complete):  6.14196896553 sec.
going through lines took (row-col complete):  6.83753085136 sec.
going through lines took (row-col complete):  9.72045302391 sec.
going through lines took (row-col complete):  9.16756606102 sec.
going through lines took (row-col complete):  8.88857722282 sec.
going through lines took (row-col complete):  9.28376889229 sec.
going through lines took (row-col complete):  5.49870705605 sec.
going through lines took (row-col complete):  5.8526301384 sec.
going through lines took (row-col complete):  6.97005701065 sec.
going through lines took (row-col complete):  8.08282518387 sec.
going through lines took (row-col complete):  8.73982310295 sec.
going through lines took (row-col complete):  8.29226899147 sec.
going through lines took (row-col complete):  8.82835698128 sec.
going through lines took (row-col complete):  8.54354000092 sec.
going through lines took (row-col complete):  6.6173760891 sec.
going through lines took (row-col complete):  8.84150981903 sec.
going through lines took (row-col complete):  7.50384783745 sec.
going through lines took (row-col complete):  6.40858793259 sec.
going through lines took (row-col complete):  8.54787397385 sec.
going through lines took (row-col complete):  8.94341397285 sec.
going through lines took (row-col complete):  6.52392315865 sec.
going through lines took (row-col complete):  6.125852108 sec.
going through lines took (row-col complete):  5.43753004074 sec.
going through lines took (row-col complete):  7.39890384674 sec.
going through lines took (row-col complete):  9.49444913864 sec.
going through lines took (row-col complete):  6.75741291046 sec.
going through lines took (row-col complete):  7.45764303207 sec.
going through lines took (row-col complete):  6.65704894066 sec.
going through lines took (row-col complete):  6.12281084061 sec.
going through lines took (row-col complete):  8.68366408348 sec.
going through lines took (row-col complete):  8.64076209068 sec.
going through lines took (row-col complete):  8.76874303818 sec.
going through lines took (row-col complete):  6.6206009388 sec.
going through lines took (row-col complete):  6.00069904327 sec.
going through lines took (row-col complete):  9.1828379631 sec.
going through lines took (row-col complete):  8.68181014061 sec.
going through lines took (row-col complete):  6.34747314453 sec.
going through lines took (row-col complete):  7.78170704842 sec.
going through lines took (row-col complete):  8.78538012505 sec.
going through lines took (row-col complete):  6.67919492722 sec.
going through lines took (row-col complete):  9.89328503609 sec.
going through lines took (row-col complete):  9.57176494598 sec.
going through lines took (row-col complete):  5.15753006935 sec.
going through lines took (row-col complete):  9.69047999382 sec.
going through lines took (row-col complete):  4.66900205612 sec.
going through lines took (row-col complete):  4.9234149456 sec.
going through lines took (row-col complete):  4.625041008 sec.
going through lines took (row-col complete):  5.51600694656 sec.
going through lines took (row-col complete):  8.36619019508 sec.
going through lines took (row-col complete):  7.72133994102 sec.
going through lines took (row-col complete):  8.56746196747 sec.
going through lines took (row-col complete):  7.32818388939 sec.
going through lines took (row-col complete):  7.84784293175 sec.
going through lines took (row-col complete):  5.27222704887 sec.
going through lines took (row-col complete):  8.15372610092 sec.
going through lines took (row-col complete):  9.25323915482 sec.
going through lines took (row-col complete):  5.6303358078 sec.
going through lines took (row-col complete):  7.25806903839 sec.
going through lines took (row-col complete):  6.15662097931 sec.
going through lines took (row-col complete):  6.87228989601 sec.
going through lines took (row-col complete):  5.10790205002 sec.
going through lines took (row-col complete):  8.71406006813 sec.
going through lines took (row-col complete):  7.80040097237 sec.
going through lines took (row-col complete):  9.06385707855 sec.
going through lines took (row-col complete):  5.17916488647 sec.
going through lines took (row-col complete):  8.95262289047 sec.
going through lines took (row-col complete):  7.96388721466 sec.
going through lines took (row-col complete):  6.25442385674 sec.
going through lines took (row-col complete):  5.38716506958 sec.
going through lines took (row-col complete):  5.95110082626 sec.
going through lines took (row-col complete):  8.40115094185 sec.
going through lines took (row-col complete):  6.17387008667 sec.
going through lines took (row-col complete):  6.81575083733 sec.
going through lines took (row-col complete):  7.76269197464 sec.
going through lines took (row-col complete):  8.10071587563 sec.
going through lines took (row-col complete):  7.65660190582 sec.
going through lines took (row-col complete):  5.63089895248 sec.
going through lines took (row-col complete):  8.42633581161 sec.
going through lines took (row-col complete):  7.01185798645 sec.
going through lines took (row-col complete):  5.47544884682 sec.
going through lines took (row-col complete):  10.3442249298 sec.
going through lines took (row-col complete):  9.45921301842 sec.
going through lines took (row-col complete):  9.36908912659 sec.
going through lines took (row-col complete):  6.96331906319 sec.
going through lines took (row-col complete):  7.86058497429 sec.
going through lines took (row-col complete):  9.91757512093 sec.
going through lines took (row-col complete):  6.20444703102 sec.
going through lines took (row-col complete):  8.24845504761 sec.
going through lines took (row-col complete):  8.67625188828 sec.
going through lines took (row-col complete):  6.22371101379 sec.
going through lines took (row-col complete):  7.85742998123 sec.
going through lines took (row-col complete):  7.67754507065 sec.
going through lines took (row-col complete):  7.0734231472 sec.
going through lines took (row-col complete):  5.79559206963 sec.
going through lines took (row-col complete):  8.50947594643 sec.
going through lines took (row-col complete):  8.4467189312 sec.
going through lines took (row-col complete):  4.66275286674 sec.
going through lines took (row-col complete):  8.4159090519 sec.
going through lines took (row-col complete):  5.23257517815 sec.
going through lines took (row-col complete):  6.3512609005 sec.
going through lines took (row-col complete):  8.48924994469 sec.
going through lines took (row-col complete):  6.82285809517 sec.
going through lines took (row-col complete):  6.09655094147 sec.
going through lines took (row-col complete):  7.84275507927 sec.
going through lines took (row-col complete):  6.96307396889 sec.
going through lines took (row-col complete):  5.70322799683 sec.
going through lines took (row-col complete):  6.2101650238 sec.
going through lines took (row-col complete):  8.27780985832 sec.
going through lines took (row-col complete):  6.03742408752 sec.
going through lines took (row-col complete):  8.49350690842 sec.
going through lines took (row-col complete):  6.49481391907 sec.
going through lines took (row-col complete):  5.83990311623 sec.
going through lines took (row-col complete):  9.29986286163 sec.
going through lines took (row-col complete):  8.38216900826 sec.
going through lines took (row-col complete):  8.57301783562 sec.
going through lines took (row-col complete):  6.36813688278 sec.
going through lines took (row-col complete):  8.24065613747 sec.
going through lines took (row-col complete):  7.98912501335 sec.
going through lines took (row-col complete):  8.11272311211 sec.
going through lines took (row-col complete):  8.72057294846 sec.
going through lines took (row-col complete):  7.23361992836 sec.
going through lines took (row-col complete):  8.02681803703 sec.
going through lines took (row-col complete):  7.96527218819 sec.
going through lines took (row-col complete):  5.66655993462 sec.
going through lines took (row-col complete):  5.19190716743 sec.
going through lines took (row-col complete):  8.26900100708 sec.
going through lines took (row-col complete):  7.72172188759 sec.
going through lines took (row-col complete):  7.61507892609 sec.
going through lines took (row-col complete):  7.22116208076 sec.
going through lines took (row-col complete):  7.89022707939 sec.
going through lines took (row-col complete):  6.05577993393 sec.
going through lines took (row-col complete):  6.84374809265 sec.
going through lines took (row-col complete):  8.1376709938 sec.
going through lines took (row-col complete):  8.1607439518 sec.
going through lines took (row-col complete):  7.67045712471 sec.
going through lines took (row-col complete):  6.29482793808 sec.
going through lines took (row-col complete):  8.59837818146 sec.
going through lines took (row-col complete):  6.19830679893 sec.
going through lines took (row-col complete):  6.99124693871 sec.
going through lines took (row-col complete):  8.31397199631 sec.
going through lines took (row-col complete):  9.77131795883 sec.
going through lines took (row-col complete):  5.12547898293 sec.
going through lines took (row-col complete):  6.08922505379 sec.
going through lines took (row-col complete):  7.77748703957 sec.
going through lines took (row-col complete):  7.94219183922 sec.
going through lines took (row-col complete):  5.75723290443 sec.
going through lines took (row-col complete):  7.55533981323 sec.
going through lines took (row-col complete):  5.89454317093 sec.
going through lines took (row-col complete):  5.55349302292 sec.
going through lines took (row-col complete):  7.75148510933 sec.
going through lines took (row-col complete):  8.3410320282 sec.
going through lines took (row-col complete):  6.11585998535 sec.
going through lines took (row-col complete):  5.64709806442 sec.
going through lines took (row-col complete):  6.41681194305 sec.
going through lines took (row-col complete):  5.0867638588 sec.
going through lines took (row-col complete):  5.27409601212 sec.
going through lines took (row-col complete):  5.60134911537 sec.
going through lines took (row-col complete):  8.14211392403 sec.
going through lines took (row-col complete):  8.25745010376 sec.
going through lines took (row-col complete):  5.56198596954 sec.
going through lines took (row-col complete):  8.92358899117 sec.
going through lines took (row-col complete):  8.56198501587 sec.
going through lines took (row-col complete):  8.16560292244 sec.
going through lines took (row-col complete):  7.87182998657 sec.
going through lines took (row-col complete):  8.32238507271 sec.
going through lines took (row-col complete):  8.99918317795 sec.
going through lines took (row-col complete):  6.59887003899 sec.
going through lines took (row-col complete):  4.79671311378 sec.
going through lines took (row-col complete):  8.16844415665 sec.
going through lines took (row-col complete):  6.42527008057 sec.
going through lines took (row-col complete):  7.61095905304 sec.
going through lines took (row-col complete):  6.53845000267 sec.
going through lines took (row-col complete):  7.95618700981 sec.
going through lines took (row-col complete):  8.60368704796 sec.
going through lines took (row-col complete):  7.80636310577 sec.
going through lines took (row-col complete):  6.72423005104 sec.
going through lines took (row-col complete):  8.40931797028 sec.
going through lines took (row-col complete):  7.93556118011 sec.
going through lines took (row-col complete):  8.3714928627 sec.
going through lines took (row-col complete):  4.62646484375 sec.
going through lines took (row-col complete):  6.06433296204 sec.
going through lines took (row-col complete):  9.91621613503 sec.
going through lines took (row-col complete):  8.01228404045 sec.
going through lines took (row-col complete):  8.21963691711 sec.
going through lines took (row-col complete):  8.76392793655 sec.
going through lines took (row-col complete):  7.96548509598 sec.
going through lines took (row-col complete):  7.38003993034 sec.
going through lines took (row-col complete):  6.68745994568 sec.
going through lines took (row-col complete):  5.36482405663 sec.
going through lines took (row-col complete):  5.40200591087 sec.
going through lines took (row-col complete):  5.54050993919 sec.
going through lines took (row-col complete):  8.10245013237 sec.
going through lines took (row-col complete):  7.83939909935 sec.
going through lines took (row-col complete):  8.14489603043 sec.
going through lines took (row-col complete):  4.81536889076 sec.
going through lines took (row-col complete):  6.24279594421 sec.
going through lines took (row-col complete):  6.67809104919 sec.
going through lines took (row-col complete):  5.1039659977 sec.
going through lines took (row-col complete):  7.47079396248 sec.
going through lines took (row-col complete):  8.36162614822 sec.
going through lines took (row-col complete):  4.6101808548 sec.
going through lines took (row-col complete):  6.1919400692 sec.
going through lines took (row-col complete):  5.31129980087 sec.
going through lines took (row-col complete):  7.5721719265 sec.
going through lines took (row-col complete):  6.33701610565 sec.
going through lines took (row-col complete):  8.14166092873 sec.
going through lines took (row-col complete):  4.44243812561 sec.
going through lines took (row-col complete):  6.28202795982 sec.
going through lines took (row-col complete):  7.93054103851 sec.
going through lines took (row-col complete):  8.54222488403 sec.
going through lines took (row-col complete):  7.09233379364 sec.
going through lines took (row-col complete):  6.79358410835 sec.
going through lines took (row-col complete):  8.54047393799 sec.
going through lines took (row-col complete):  8.32354593277 sec.
going through lines took (row-col complete):  6.24539613724 sec.
going through lines took (row-col complete):  5.99901103973 sec.
going through lines took (row-col complete):  7.08216094971 sec.
going through lines took (row-col complete):  5.60103583336 sec.
going through lines took (row-col complete):  8.40034008026 sec.
going through lines took (row-col complete):  8.59038901329 sec.
going through lines took (row-col complete):  9.08586287498 sec.
going through lines took (row-col complete):  8.60506105423 sec.
going through lines took (row-col complete):  8.01057004929 sec.
going through lines took (row-col complete):  6.96901202202 sec.
going through lines took (row-col complete):  9.02721309662 sec.
going through lines took (row-col complete):  9.43688702583 sec.
going through lines took (row-col complete):  8.89965701103 sec.
going through lines took (row-col complete):  6.73273396492 sec.
going through lines took (row-col complete):  6.63534116745 sec.
going through lines took (row-col complete):  8.57600092888 sec.
going through lines took (row-col complete):  5.42616915703 sec.
going through lines took (row-col complete):  6.44677090645 sec.
going through lines took (row-col complete):  8.9368391037 sec.
going through lines took (row-col complete):  9.71310305595 sec.
going through lines took (row-col complete):  9.05290603638 sec.
going through lines took (row-col complete):  5.80387401581 sec.
going through lines took (row-col complete):  8.06465911865 sec.
going through lines took (row-col complete):  4.36387705803 sec.
going through lines took (row-col complete):  7.08359789848 sec.
going through lines took (row-col complete):  8.11685395241 sec.
going through lines took (row-col complete):  7.56937885284 sec.
going through lines took (row-col complete):  6.87970304489 sec.
going through lines took (row-col complete):  8.15359020233 sec.
going through lines took (row-col complete):  8.34682583809 sec.
going through lines took (row-col complete):  5.89664006233 sec.
going through lines took (row-col complete):  5.59957480431 sec.
going through lines took (row-col complete):  7.02475714684 sec.
going through lines took (row-col complete):  8.52049684525 sec.
going through lines took (row-col complete):  8.00959706306 sec.
going through lines took (row-col complete):  7.96668100357 sec.
going through lines took (row-col complete):  5.72816491127 sec.
going through lines took (row-col complete):  5.10933208466 sec.
going through lines took (row-col complete):  5.9659409523 sec.
going through lines took (row-col complete):  6.38223195076 sec.
going through lines took (row-col complete):  6.81379103661 sec.
going through lines took (row-col complete):  8.28499007225 sec.
going through lines took (row-col complete):  5.92903399467 sec.
going through lines took (row-col complete):  6.70379114151 sec.
going through lines took (row-col complete):  6.41674304008 sec.
going through lines took (row-col complete):  5.33411693573 sec.
going through lines took (row-col complete):  8.44086122513 sec.
going through lines took (row-col complete):  6.1027598381 sec.
going through lines took (row-col complete):  8.83678603172 sec.
going through lines took (row-col complete):  9.19227600098 sec.
going through lines took (row-col complete):  8.01021718979 sec.
going through lines took (row-col complete):  8.22376203537 sec.
going through lines took (row-col complete):  5.37167811394 sec.
going through lines took (row-col complete):  8.54350996017 sec.
going through lines took (row-col complete):  9.18443202972 sec.
going through lines took (row-col complete):  5.8342461586 sec.
going through lines took (row-col complete):  4.92097902298 sec.
going through lines took (row-col complete):  6.23887300491 sec.
going through lines took (row-col complete):  6.79973292351 sec.
going through lines took (row-col complete):  9.11913704872 sec.
going through lines took (row-col complete):  8.89097189903 sec.
going through lines took (row-col complete):  8.48519492149 sec.
going through lines took (row-col complete):  6.3066380024 sec.
going through lines took (row-col complete):  5.49095892906 sec.
going through lines took (row-col complete):  6.60239100456 sec.
going through lines took (row-col complete):  9.55817604065 sec.
going through lines took (row-col complete):  7.65637612343 sec.
going through lines took (row-col complete):  8.26663208008 sec.
going through lines took (row-col complete):  5.55705308914 sec.
going through lines took (row-col complete):  8.05342388153 sec.
going through lines took (row-col complete):  8.09818196297 sec.
going through lines took (row-col complete):  7.72731804848 sec.
going through lines took (row-col complete):  6.11548185349 sec.
going through lines took (row-col complete):  7.79668092728 sec.
going through lines took (row-col complete):  7.48532891273 sec.
going through lines took (row-col complete):  5.93914294243 sec.
going through lines took (row-col complete):  4.80743503571 sec.
going through lines took (row-col complete):  5.30897498131 sec.
going through lines took (row-col complete):  7.61530804634 sec.
going through lines took (row-col complete):  7.38869094849 sec.
going through lines took (row-col complete):  7.74275684357 sec.
going through lines took (row-col complete):  6.08897519112 sec.
going through lines took (row-col complete):  7.6791870594 sec.
going through lines took (row-col complete):  5.53419494629 sec.
going through lines took (row-col complete):  8.68618679047 sec.
going through lines took (row-col complete):  8.33053588867 sec.
going through lines took (row-col complete):  4.82836604118 sec.
going through lines took (row-col complete):  7.44728398323 sec.
going through lines took (row-col complete):  6.66529297829 sec.
going through lines took (row-col complete):  7.69850182533 sec.
going through lines took (row-col complete):  5.89415693283 sec.
going through lines took (row-col complete):  6.50452113152 sec.
going through lines took (row-col complete):  6.30373597145 sec.
going through lines took (row-col complete):  9.42622995377 sec.
going through lines took (row-col complete):  9.29023504257 sec.
going through lines took (row-col complete):  10.848293066 sec.
going through lines took (row-col complete):  9.41653108597 sec.
going through lines took (row-col complete):  7.24811792374 sec.
going through lines took (row-col complete):  5.88006591797 sec.
going through lines took (row-col complete):  8.54238414764 sec.
going through lines took (row-col complete):  8.23662805557 sec.
going through lines took (row-col complete):  5.51784706116 sec.
going through lines took (row-col complete):  7.80139994621 sec.
going through lines took (row-col complete):  8.45243692398 sec.
going through lines took (row-col complete):  8.0843501091 sec.
going through lines took (row-col complete):  5.46592903137 sec.
going through lines took (row-col complete):  6.2329761982 sec.
going through lines took (row-col complete):  5.44813799858 sec.
going through lines took (row-col complete):  8.11654782295 sec.
going through lines took (row-col complete):  8.88406205177 sec.
going through lines took (row-col complete):  7.0680809021 sec.
going through lines took (row-col complete):  7.51150393486 sec.
going through lines took (row-col complete):  6.38170480728 sec.
going through lines took (row-col complete):  8.47514295578 sec.
going through lines took (row-col complete):  8.93620491028 sec.
going through lines took (row-col complete):  8.19829797745 sec.
going through lines took (row-col complete):  7.05561804771 sec.
going through lines took (row-col complete):  5.6147480011 sec.
going through lines took (row-col complete):  8.5694770813 sec.
going through lines took (row-col complete):  8.34936404228 sec.
going through lines took (row-col complete):  9.44248485565 sec.
going through lines took (row-col complete):  8.76802897453 sec.
going through lines took (row-col complete):  7.56110215187 sec.
going through lines took (row-col complete):  8.65614700317 sec.
going through lines took (row-col complete):  5.92204093933 sec.
going through lines took (row-col complete):  5.26475787163 sec.
going through lines took (row-col complete):  7.37156391144 sec.
going through lines took (row-col complete):  5.28044605255 sec.
going through lines took (row-col complete):  9.02554702759 sec.
going through lines took (row-col complete):  5.24350214005 sec.
going through lines took (row-col complete):  6.99732398987 sec.
going through lines took (row-col complete):  7.12001395226 sec.
going through lines took (row-col complete):  7.72013902664 sec.
going through lines took (row-col complete):  7.95583701134 sec.
going through lines took (row-col complete):  8.18395400047 sec.
going through lines took (row-col complete):  5.62270784378 sec.
going through lines took (row-col complete):  5.38223099709 sec.
going through lines took (row-col complete):  6.90760302544 sec.
going through lines took (row-col complete):  5.7429869175 sec.
going through lines took (row-col complete):  5.97113585472 sec.
going through lines took (row-col complete):  8.2437710762 sec.
going through lines took (row-col complete):  7.3534591198 sec.
going through lines took (row-col complete):  6.49547696114 sec.
going through lines took (row-col complete):  8.69938397408 sec.
going through lines took (row-col complete):  8.12835884094 sec.
going through lines took (row-col complete):  6.20482707024 sec.
going through lines took (row-col complete):  8.24256086349 sec.
going through lines took (row-col complete):  5.89191007614 sec.
going through lines took (row-col complete):  5.82315802574 sec.
going through lines took (row-col complete):  5.36718392372 sec.
going through lines took (row-col complete):  8.05498504639 sec.
going through lines took (row-col complete):  7.50926184654 sec.
going through lines took (row-col complete):  6.61312198639 sec.
going through lines took (row-col complete):  8.41008591652 sec.
going through lines took (row-col complete):  8.81631302834 sec.
going through lines took (row-col complete):  7.48370194435 sec.
going through lines took (row-col complete):  8.19941902161 sec.
going through lines took (row-col complete):  8.30335617065 sec.
going through lines took (row-col complete):  8.12627506256 sec.
going through lines took (row-col complete):  8.26912903786 sec.
going through lines took (row-col complete):  8.45727610588 sec.
going through lines took (row-col complete):  7.45455288887 sec.
going through lines took (row-col complete):  8.11690688133 sec.
going through lines took (row-col complete):  4.79622793198 sec.
going through lines took (row-col complete):  6.92545294762 sec.
going through lines took (row-col complete):  5.76360416412 sec.
going through lines took (row-col complete):  7.58058094978 sec.
going through lines took (row-col complete):  7.73077297211 sec.
going through lines took (row-col complete):  7.76827406883 sec.
going through lines took (row-col complete):  8.81053090096 sec.
going through lines took (row-col complete):  8.70169687271 sec.
going through lines took (row-col complete):  7.02297496796 sec.
going through lines took (row-col complete):  6.02725481987 sec.
going through lines took (row-col complete):  5.26085209846 sec.
going through lines took (row-col complete):  8.30166387558 sec.
going through lines took (row-col complete):  5.44541788101 sec.
going through lines took (row-col complete):  5.12424397469 sec.
going through lines took (row-col complete):  8.03066396713 sec.
going through lines took (row-col complete):  8.5199649334 sec.
going through lines took (row-col complete):  6.23444104195 sec.
going through lines took (row-col complete):  5.05353093147 sec.
going through lines took (row-col complete):  5.73598599434 sec.
going through lines took (row-col complete):  7.12628507614 sec.
going through lines took (row-col complete):  8.13120412827 sec.
going through lines took (row-col complete):  5.9030520916 sec.
going through lines took (row-col complete):  4.88194203377 sec.
going through lines took (row-col complete):  7.91071486473 sec.
going through lines took (row-col complete):  6.64458298683 sec.
going through lines took (row-col complete):  5.71627688408 sec.
going through lines took (row-col complete):  6.31930589676 sec.
going through lines took (row-col complete):  7.84842395782 sec.
going through lines took (row-col complete):  6.68118906021 sec.
going through lines took (row-col complete):  8.21532011032 sec.
going through lines took (row-col complete):  7.84472894669 sec.
going through lines took (row-col complete):  5.93890595436 sec.
going through lines took (row-col complete):  7.69747805595 sec.
going through lines took (row-col complete):  5.583589077 sec.
going through lines took (row-col complete):  6.44945502281 sec.
going through lines took (row-col complete):  8.06667709351 sec.
going through lines took (row-col complete):  7.70148205757 sec.
going through lines took (row-col complete):  5.41278004646 sec.
going through lines took (row-col complete):  6.49810194969 sec.
going through lines took (row-col complete):  7.9815659523 sec.
going through lines took (row-col complete):  7.40288519859 sec.
going through lines took (row-col complete):  8.23868894577 sec.
going through lines took (row-col complete):  7.77828598022 sec.
going through lines took (row-col complete):  6.78090906143 sec.
going through lines took (row-col complete):  7.74213504791 sec.
going through lines took (row-col complete):  7.50693106651 sec.
going through lines took (row-col complete):  7.1608850956 sec.
going through lines took (row-col complete):  7.90508890152 sec.
going through lines took (row-col complete):  5.85866117477 sec.
going through lines took (row-col complete):  5.74463796616 sec.
going through lines took (row-col complete):  5.69978094101 sec.
going through lines took (row-col complete):  6.4598698616 sec.
going through lines took (row-col complete):  7.28581213951 sec.
going through lines took (row-col complete):  8.95697402954 sec.
going through lines took (row-col complete):  8.12649297714 sec.
going through lines took (row-col complete):  6.84433698654 sec.
going through lines took (row-col complete):  7.53493595123 sec.
going through lines took (row-col complete):  6.48300099373 sec.
going through lines took (row-col complete):  7.23275613785 sec.
going through lines took (row-col complete):  7.78658699989 sec.
going through lines took (row-col complete):  9.57436203957 sec.
going through lines took (row-col complete):  6.24155807495 sec.
going through lines took (row-col complete):  5.73016691208 sec.
going through lines took (row-col complete):  5.27823090553 sec.
going through lines took (row-col complete):  7.71094918251 sec.
going through lines took (row-col complete):  8.88786792755 sec.
going through lines took (row-col complete):  6.27030205727 sec.
going through lines took (row-col complete):  8.2047970295 sec.
going through lines took (row-col complete):  8.03162002563 sec.
going through lines took (row-col complete):  8.95081806183 sec.
going through lines took (row-col complete):  8.45048904419 sec.
going through lines took (row-col complete):  7.99259901047 sec.
going through lines took (row-col complete):  5.09558105469 sec.
going through lines took (row-col complete):  7.17784309387 sec.
going through lines took (row-col complete):  8.74091911316 sec.
going through lines took (row-col complete):  5.65964889526 sec.
going through lines took (row-col complete):  7.65319991112 sec.
going through lines took (row-col complete):  4.78864002228 sec.
going through lines took (row-col complete):  6.49307799339 sec.
going through lines took (row-col complete):  5.25696396828 sec.
going through lines took (row-col complete):  7.82185196877 sec.
going through lines took (row-col complete):  8.65904712677 sec.
going through lines took (row-col complete):  5.08423900604 sec.
going through lines took (row-col complete):  5.55239605904 sec.
going through lines took (row-col complete):  7.06658196449 sec.
going through lines took (row-col complete):  7.94349694252 sec.
going through lines took (row-col complete):  7.21322703362 sec.
going through lines took (row-col complete):  6.53038287163 sec.
going through lines took (row-col complete):  6.75766515732 sec.
going through lines took (row-col complete):  6.75222110748 sec.
going through lines took (row-col complete):  6.90174388885 sec.
going through lines took (row-col complete):  7.97602391243 sec.
going through lines took (row-col complete):  7.85877084732 sec.
going through lines took (row-col complete):  8.12152004242 sec.
going through lines took (row-col complete):  7.58697199821 sec.
going through lines took (row-col complete):  6.19904780388 sec.
going through lines took (row-col complete):  5.83336019516 sec.
going through lines took (row-col complete):  7.91613292694 sec.
going through lines took (row-col complete):  7.04545688629 sec.
going through lines took (row-col complete):  7.33832406998 sec.
going through lines took (row-col complete):  5.57758688927 sec.
going through lines took (row-col complete):  7.88131809235 sec.
going through lines took (row-col complete):  8.27164196968 sec.
going through lines took (row-col complete):  5.712859869 sec.
going through lines took (row-col complete):  7.85270094872 sec.
going through lines took (row-col complete):  5.32181596756 sec.
going through lines took (row-col complete):  6.1077029705 sec.
going through lines took (row-col complete):  6.94985389709 sec.
going through lines took (row-col complete):  7.04161310196 sec.
going through lines took (row-col complete):  6.38462996483 sec.
going through lines took (row-col complete):  9.01588511467 sec.
going through lines took (row-col complete):  7.9216170311 sec.
going through lines took (row-col complete):  7.93991994858 sec.
going through lines took (row-col complete):  8.44774413109 sec.
going through lines took (row-col complete):  6.38910484314 sec.
going through lines took (row-col complete):  7.62052488327 sec.
going through lines took (row-col complete):  9.27242898941 sec.
going through lines took (row-col complete):  4.91536211967 sec.
going through lines took (row-col complete):  7.97042798996 sec.
going through lines took (row-col complete):  6.09894990921 sec.
going through lines took (row-col complete):  5.48168802261 sec.
going through lines took (row-col complete):  5.91731905937 sec.
going through lines took (row-col complete):  5.9198319912 sec.
going through lines took (row-col complete):  9.92084693909 sec.
going through lines took (row-col complete):  8.29307103157 sec.
going through lines took (row-col complete):  7.33458781242 sec.
going through lines took (row-col complete):  8.50023293495 sec.
going through lines took (row-col complete):  7.38095092773 sec.
going through lines took (row-col complete):  7.38844704628 sec.
going through lines took (row-col complete):  7.11001586914 sec.
going through lines took (row-col complete):  6.15458202362 sec.
going through lines took (row-col complete):  6.98876786232 sec.
going through lines took (row-col complete):  8.39182710648 sec.
going through lines took (row-col complete):  7.6657409668 sec.
going through lines took (row-col complete):  7.37700581551 sec.
going through lines took (row-col complete):  7.38675093651 sec.
going through lines took (row-col complete):  7.57924389839 sec.
going through lines took (row-col complete):  7.9680891037 sec.
going through lines took (row-col complete):  6.72039413452 sec.
going through lines took (row-col complete):  7.859167099 sec.
going through lines took (row-col complete):  7.06445884705 sec.
going through lines took (row-col complete):  7.67935395241 sec.
going through lines took (row-col complete):  7.55102491379 sec.
going through lines took (row-col complete):  5.10412287712 sec.
going through lines took (row-col complete):  6.63988494873 sec.
going through lines took (row-col complete):  7.82062101364 sec.
going through lines took (row-col complete):  5.43951797485 sec.
going through lines took (row-col complete):  5.93798494339 sec.
going through lines took (row-col complete):  6.54599308968 sec.
going through lines took (row-col complete):  7.72291493416 sec.
going through lines took (row-col complete):  4.80337810516 sec.
going through lines took (row-col complete):  7.51967191696 sec.
going through lines took (row-col complete):  5.7331340313 sec.
going through lines took (row-col complete):  6.2647600174 sec.
going through lines took (row-col complete):  5.26184988022 sec.
going through lines took (row-col complete):  7.6821911335 sec.
going through lines took (row-col complete):  7.47323799133 sec.
going through lines took (row-col complete):  5.45635890961 sec.
going through lines took (row-col complete):  6.43731784821 sec.
going through lines took (row-col complete):  7.25298190117 sec.
going through lines took (row-col complete):  6.08778309822 sec.
going through lines took (row-col complete):  5.60379600525 sec.
going through lines took (row-col complete):  4.27861118317 sec.
going through lines took (row-col complete):  6.24242806435 sec.
going through lines took (row-col complete):  5.91318297386 sec.
going through lines took (row-col complete):  8.05350494385 sec.
going through lines took (row-col complete):  7.75426411629 sec.
going through lines took (row-col complete):  5.47239995003 sec.
going through lines took (row-col complete):  6.06149697304 sec.
going through lines took (row-col complete):  5.04334211349 sec.
going through lines took (row-col complete):  5.77630615234 sec.
going through lines took (row-col complete):  6.75923109055 sec.
going through lines took (row-col complete):  6.45284605026 sec.
going through lines took (row-col complete):  7.03752803802 sec.
going through lines took (row-col complete):  5.60512304306 sec.
going through lines took (row-col complete):  8.1545779705 sec.
going through lines took (row-col complete):  7.20839500427 sec.
going through lines took (row-col complete):  5.52367091179 sec.
going through lines took (row-col complete):  5.40165305138 sec.
going through lines took (row-col complete):  5.15819406509 sec.
going through lines took (row-col complete):  7.71721196175 sec.
going through lines took (row-col complete):  7.12049818039 sec.
going through lines took (row-col complete):  5.61356306076 sec.
going through lines took (row-col complete):  7.39892697334 sec.
going through lines took (row-col complete):  5.89354109764 sec.
going through lines took (row-col complete):  8.3348300457 sec.
going through lines took (row-col complete):  5.61133098602 sec.
going through lines took (row-col complete):  5.83331298828 sec.
going through lines took (row-col complete):  7.63601899147 sec.
going through lines took (row-col complete):  8.04340696335 sec.
going through lines took (row-col complete):  6.4522960186 sec.
going through lines took (row-col complete):  5.3629758358 sec.
going through lines took (row-col complete):  7.52626204491 sec.
going through lines took (row-col complete):  6.20311689377 sec.
going through lines took (row-col complete):  6.95054292679 sec.
going through lines took (row-col complete):  7.708370924 sec.
going through lines took (row-col complete):  7.14029693604 sec.
going through lines took (row-col complete):  5.81521511078 sec.
going through lines took (row-col complete):  7.62175798416 sec.
going through lines took (row-col complete):  7.79293012619 sec.
going through lines took (row-col complete):  6.30646705627 sec.
going through lines took (row-col complete):  5.20918416977 sec.
going through lines took (row-col complete):  4.21145391464 sec.
going through lines took (row-col complete):  7.37372899055 sec.
going through lines took (row-col complete):  5.91542005539 sec.
going through lines took (row-col complete):  6.89194512367 sec.
going through lines took (row-col complete):  7.29131197929 sec.
going through lines took (row-col complete):  7.4193778038 sec.
going through lines took (row-col complete):  7.56452083588 sec.
going through lines took (row-col complete):  5.6614279747 sec.
going through lines took (row-col complete):  5.16774392128 sec.
going through lines took (row-col complete):  7.55472779274 sec.
going through lines took (row-col complete):  5.73092699051 sec.
going through lines took (row-col complete):  7.77683496475 sec.
going through lines took (row-col complete):  5.39414095879 sec.
going through lines took (row-col complete):  4.98571300507 sec.
going through lines took (row-col complete):  5.11865615845 sec.
going through lines took (row-col complete):  5.23294496536 sec.
going through lines took (row-col complete):  4.56474089622 sec.
going through lines took (row-col complete):  4.37673521042 sec.
going through lines took (row-col complete):  7.7939209938 sec.
going through lines took (ro